{"uid":"567a10dee4550dcf","name":"Создание заказа без токена","fullName":"tests.test_order.TestOrder#test_create_order_user_unauthorized","historyId":"515da5484789ff7748bd60afeb518027","time":{"start":1728074075907,"stop":1728074076084,"duration":177},"status":"failed","statusMessage":"AssertionError: assert 200 == 401\n +  where 200 = <Response [200]>.status_code","statusTrace":"self = <test_order.TestOrder object at 0x105a87130>\n\n    @allure.title('Создание заказа без токена') # будет падать, тк не соответствует ожидаемому результату, наставник подтвердил.\n    def test_create_order_user_unauthorized(self):\n        order = Order()\n        response = order.create_order(api_steps.order.payload.OrderPayloads.ONE_INGREDIENT)\n>       assert response.status_code == 401\nE       assert 200 == 401\nE        +  where 200 = <Response [200]>.status_code\n\ntests/test_order.py:29: AssertionError","flaky":false,"newFailed":false,"newBroken":false,"newPassed":false,"retriesCount":0,"retriesStatusChange":false,"beforeStages":[{"name":"_session_faker","time":{"start":1728074075474,"stop":1728074075486,"duration":12},"status":"passed","steps":[],"attachments":[],"parameters":[],"shouldDisplayMessage":false,"attachmentsCount":0,"attachmentStep":false,"stepsCount":0,"hasContent":false},{"name":"event_loop_policy","time":{"start":1728074075487,"stop":1728074075487,"duration":0},"status":"passed","steps":[],"attachments":[],"parameters":[],"shouldDisplayMessage":false,"attachmentsCount":0,"attachmentStep":false,"stepsCount":0,"hasContent":false}],"testStage":{"status":"failed","statusMessage":"AssertionError: assert 200 == 401\n +  where 200 = <Response [200]>.status_code","statusTrace":"self = <test_order.TestOrder object at 0x105a87130>\n\n    @allure.title('Создание заказа без токена') # будет падать, тк не соответствует ожидаемому результату, наставник подтвердил.\n    def test_create_order_user_unauthorized(self):\n        order = Order()\n        response = order.create_order(api_steps.order.payload.OrderPayloads.ONE_INGREDIENT)\n>       assert response.status_code == 401\nE       assert 200 == 401\nE        +  where 200 = <Response [200]>.status_code\n\ntests/test_order.py:29: AssertionError","steps":[{"name":"Создать заказ","time":{"start":1728074075908,"stop":1728074076084,"duration":176},"status":"passed","steps":[],"attachments":[],"parameters":[{"name":"payload","value":"{'ingredients': ['61c0c5a71d1f82001bdaaa70']}"},{"name":"headers","value":"None"}],"shouldDisplayMessage":false,"attachmentsCount":0,"attachmentStep":false,"stepsCount":0,"hasContent":true}],"attachments":[],"parameters":[],"shouldDisplayMessage":true,"attachmentsCount":0,"attachmentStep":false,"stepsCount":1,"hasContent":true},"afterStages":[],"labels":[{"name":"parentSuite","value":"tests"},{"name":"suite","value":"test_order"},{"name":"subSuite","value":"TestOrder"},{"name":"host","value":"192.168.1.5"},{"name":"thread","value":"72970-MainThread"},{"name":"framework","value":"pytest"},{"name":"language","value":"cpython3"},{"name":"package","value":"tests.test_order"},{"name":"resultFormat","value":"allure2"}],"parameters":[],"links":[],"hidden":false,"retry":false,"extra":{"severity":"normal","retries":[],"categories":[{"name":"Product defects","matchedStatuses":[],"flaky":false}],"tags":[]},"source":"567a10dee4550dcf.json","parameterValues":[]}