{"name": "Создание заказа без токена", "status": "failed", "statusDetails": {"message": "AssertionError: assert 200 == 401\n +  where 200 = <Response [200]>.status_code", "trace": "self = <test_order.TestOrder object at 0x105a87130>\n\n    @allure.title('Создание заказа без токена') # будет падать, тк не соответствует ожидаемому результату, наставник подтвердил.\n    def test_create_order_user_unauthorized(self):\n        order = Order()\n        response = order.create_order(api_steps.order.payload.OrderPayloads.ONE_INGREDIENT)\n>       assert response.status_code == 401\nE       assert 200 == 401\nE        +  where 200 = <Response [200]>.status_code\n\ntests/test_order.py:29: AssertionError"}, "steps": [{"name": "Создать заказ", "status": "passed", "parameters": [{"name": "payload", "value": "{'ingredients': ['61c0c5a71d1f82001bdaaa70']}"}, {"name": "headers", "value": "None"}], "start": 1728074075908, "stop": 1728074076084}], "start": 1728074075907, "stop": 1728074076084, "uuid": "9ca3ebf4-d8d0-412a-9480-671c1d33ccfc", "historyId": "515da5484789ff7748bd60afeb518027", "testCaseId": "515da5484789ff7748bd60afeb518027", "fullName": "tests.test_order.TestOrder#test_create_order_user_unauthorized", "labels": [{"name": "parentSuite", "value": "tests"}, {"name": "suite", "value": "test_order"}, {"name": "subSuite", "value": "TestOrder"}, {"name": "host", "value": "192.168.1.5"}, {"name": "thread", "value": "72970-MainThread"}, {"name": "framework", "value": "pytest"}, {"name": "language", "value": "cpython3"}, {"name": "package", "value": "tests.test_order"}]}